<?xml version="1.0" encoding="UTF-8"?>
<testsuites name="test 1" time="145.836" tests="2" failures="0" errors="0">
   <testsuite name="test 1" tests="2" failures="0" errors="0" time="145.836" skipped="0" timestamp="16-01-2024T12:55:48" hostname="kirub - KIRUBAKARAN" id="Test Suites/test 1">
      <properties>
         <property name="deviceName" value=""/>
         <property name="devicePlatform" value=""/>
         <property name="logFolder" value="C:\\Users\\kirub\\Katalon Studio\\My First Web UI Project\\Reports\\20240116_125541\\test 1\\20240116_125541"/>
         <property name="logFiles" value="C:\\Users\\kirub\\Katalon Studio\\My First Web UI Project\\Reports\\20240116_125541\\test 1\\20240116_125541\\execution0.log"/>
         <property name="attachments" value="C:\\Users\\kirub\\Katalon Studio\\My First Web UI Project\\Reports\\20240116_125541\\test 1\\20240116_125541\\1705390041143.png"/>
         <property name="hostName" value="kirub - KIRUBAKARAN"/>
         <property name="os" value="Windows 11 64bit"/>
         <property name="katalonVersion" value="9.2.0.212"/>
         <property name="browser" value="Chrome 120.0.0.0"/>
         <property name="hostAddress" value="192.168.0.227"/>
         <property name="sessionId" value="1d18cd5d971020f7aa62f63ebd031cc3"/>
         <property name="seleniumVersion" value="3.141.59"/>
         <property name="proxyInformation" value="ProxyInformation { proxyOption=NO_PROXY, proxyServerType=HTTP, username=, password=********, proxyServerAddress=, proxyServerPort=0, executionList=&quot;&quot;, isApplyToDesiredCapabilities=true }"/>
         <property name="platform" value="Windows 11"/>
      </properties>
      <testcase name="Test Cases/leet_code test" time="39.354" classname="Test Cases/leet_code test" status="PASSED">
         <system-out><![CDATA[16-01-2024T12:57:21 - [TEST_CASE][PASSED] - Test Cases/leet_code test: Test Cases/leet_code test

16-01-2024T12:57:21 - [TEST_STEP][PASSED] - openBrowser(""): Browser is opened with url: ''

16-01-2024T12:57:21 - [MESSAGE][WARNING] - A browser is already opened. Closing browser and opening a new one

16-01-2024T12:57:21 - [MESSAGE][INFO] - Starting 'Chrome' driver

16-01-2024T12:57:21 - [MESSAGE][INFO] - Action delay is set to 0 milliseconds

16-01-2024T12:57:22 - [MESSAGE][PASSED] - Browser is opened with url: ''

16-01-2024T12:57:22 - [TEST_STEP][PASSED] - navigateToUrl("https://leetcode.com/accounts/login/?next=%2Fproblemset%2F"): Navigate to 'https://leetcode.com/accounts/login/?next=%2Fproblemset%2F' successfully

16-01-2024T12:57:27 - [MESSAGE][PASSED] - Navigate to 'https://leetcode.com/accounts/login/?next=%2Fproblemset%2F' successfully

16-01-2024T12:57:27 - [TEST_STEP][PASSED] - setText(findTestObject("Object Repository/leet_code/Page_Account Login - LeetCode/input_login"), "kirubakaran02002@gmail.com"): Text 'kirubakaran02002@gmail.com' is set on object 'Object Repository/leet_code/Page_Account Login - LeetCode/input_login'

16-01-2024T12:57:39 - [MESSAGE][PASSED] - Text 'kirubakaran02002@gmail.com' is set on object 'Object Repository/leet_code/Page_Account Login - LeetCode/input_login'

16-01-2024T12:57:39 - [TEST_STEP][PASSED] - setEncryptedText(findTestObject("Object Repository/leet_code/Page_Account Login - LeetCode/input_password"), "x3n6nxVUJn6i5UMFTUkg1A=="): Text ****** has been set on object 'Object Repository/leet_code/Page_Account Login - LeetCode/input_password'

16-01-2024T12:57:41 - [MESSAGE][PASSED] - Text ****** has been set on object 'Object Repository/leet_code/Page_Account Login - LeetCode/input_password'

16-01-2024T12:57:41 - [TEST_STEP][PASSED] - click(findTestObject("Object Repository/leet_code/Page_Account Login - LeetCode/span_Sign In")): Object: 'Object Repository/leet_code/Page_Account Login - LeetCode/span_Sign In' is clicked on

16-01-2024T12:57:41 - [MESSAGE][PASSED] - Object: 'Object Repository/leet_code/Page_Account Login - LeetCode/span_Sign In' is clicked on

16-01-2024T12:57:41 - [TEST_STEP][PASSED] - click(findTestObject("Object Repository/leet_code/Page_Problems - LeetCode/img_h-full w-full rounded-full object-cover")): Object: 'Object Repository/leet_code/Page_Problems - LeetCode/img_h-full w-full rounded-full object-cover' is clicked on

16-01-2024T12:57:53 - [MESSAGE][PASSED] - Object: 'Object Repository/leet_code/Page_Problems - LeetCode/img_h-full w-full rounded-full object-cover' is clicked on

16-01-2024T12:57:53 - [TEST_STEP][PASSED] - click(findTestObject("Object Repository/leet_code/Page_Problems - LeetCode/a_KIRUBAKARAN_K")): Object: 'Object Repository/leet_code/Page_Problems - LeetCode/a_KIRUBAKARAN_K' is clicked on

16-01-2024T12:57:57 - [MESSAGE][PASSED] - Object: 'Object Repository/leet_code/Page_Problems - LeetCode/a_KIRUBAKARAN_K' is clicked on

16-01-2024T12:57:57 - [TEST_STEP][PASSED] - click(findTestObject("Object Repository/leet_code/Page_KIRUBAKARAN_K - LeetCode Profile/img_h-full w-full rounded-full object-cover")): Object: 'Object Repository/leet_code/Page_KIRUBAKARAN_K - LeetCode Profile/img_h-full w-full rounded-full object-cover' is clicked on

16-01-2024T12:57:59 - [MESSAGE][PASSED] - Object: 'Object Repository/leet_code/Page_KIRUBAKARAN_K - LeetCode Profile/img_h-full w-full rounded-full object-cover' is clicked on

16-01-2024T12:57:59 - [TEST_STEP][PASSED] - click(findTestObject("Object Repository/leet_code/Page_KIRUBAKARAN_K - LeetCode Profile/div_Sign Out")): Object: 'Object Repository/leet_code/Page_KIRUBAKARAN_K - LeetCode Profile/div_Sign Out' is clicked on

16-01-2024T12:58:00 - [MESSAGE][PASSED] - Object: 'Object Repository/leet_code/Page_KIRUBAKARAN_K - LeetCode Profile/div_Sign Out' is clicked on

16-01-2024T12:58:00 - [TEST_STEP][PASSED] - closeBrowser(): Browser is closed

16-01-2024T12:58:00 - [MESSAGE][PASSED] - Browser is closed]]></system-out>
         <system-err><![CDATA[]]></system-err>
      </testcase>
      <testcase name="Test Cases/leet_code_manual" time="13.254" classname="Test Cases/leet_code_manual" status="PASSED">
         <system-out><![CDATA[16-01-2024T12:58:00 - [TEST_CASE][PASSED] - Test Cases/leet_code_manual: Test Cases/leet_code_manual

16-01-2024T12:58:00 - [TEST_STEP][PASSED] - openBrowser("https://leetcode.com/accounts/login/?next=%2Fproblemset%2F"): Browser is opened with url: 'https://leetcode.com/accounts/login/?next=%2Fproblemset%2F'

16-01-2024T12:58:00 - [MESSAGE][INFO] - Starting 'Chrome' driver

16-01-2024T12:58:00 - [MESSAGE][INFO] - Action delay is set to 0 milliseconds

16-01-2024T12:58:04 - [MESSAGE][PASSED] - Browser is opened with url: 'https://leetcode.com/accounts/login/?next=%2Fproblemset%2F'

16-01-2024T12:58:04 - [TEST_STEP][PASSED] - setText(findTestObject("leet_code_manual/Page_Account Login - LeetCode/input_Premium_login"), "kirubakaran02002@gmail.com"): Text 'kirubakaran02002@gmail.com' is set on object 'Object Repository/leet_code_manual/Page_Account Login - LeetCode/input_Premium_login'

16-01-2024T12:58:06 - [MESSAGE][PASSED] - Text 'kirubakaran02002@gmail.com' is set on object 'Object Repository/leet_code_manual/Page_Account Login - LeetCode/input_Premium_login'

16-01-2024T12:58:06 - [TEST_STEP][PASSED] - setText(findTestObject("leet_code_manual/Page_Account Login - LeetCode/input_Premium_password"), "Kiruba++0070"): Text 'Kiruba++0070' is set on object 'Object Repository/leet_code_manual/Page_Account Login - LeetCode/input_Premium_password'

16-01-2024T12:58:07 - [MESSAGE][PASSED] - Text 'Kiruba++0070' is set on object 'Object Repository/leet_code_manual/Page_Account Login - LeetCode/input_Premium_password'

16-01-2024T12:58:07 - [TEST_STEP][PASSED] - click(findTestObject("leet_code_manual/Page_Account Login - LeetCode/div_Sign In")): Object: 'Object Repository/leet_code_manual/Page_Account Login - LeetCode/div_Sign In' is clicked on

16-01-2024T12:58:07 - [MESSAGE][PASSED] - Object: 'Object Repository/leet_code_manual/Page_Account Login - LeetCode/div_Sign In' is clicked on

16-01-2024T12:58:08 - [TEST_STEP][PASSED] - click(findTestObject("leet_code_manual/Page_Problems - LeetCode/img_Store_h-full w-full rounded-full object-cover")): Object: 'Object Repository/leet_code_manual/Page_Problems - LeetCode/img_Store_h-full w-full rounded-full object-cover' is clicked on

16-01-2024T12:58:13 - [MESSAGE][PASSED] - Object: 'Object Repository/leet_code_manual/Page_Problems - LeetCode/img_Store_h-full w-full rounded-full object-cover' is clicked on

16-01-2024T12:58:13 - [TEST_STEP][PASSED] - verifyElementPresent(findTestObject("leet_code_manual/Page_Problems - LeetCode/a_KIRUBAKARAN_K"), 0): Object 'Object Repository/leet_code_manual/Page_Problems - LeetCode/a_KIRUBAKARAN_K' is present

16-01-2024T12:58:13 - [MESSAGE][WARNING] - Timeout '0' is invalid. Using default page load timeout: '30'

16-01-2024T12:58:13 - [MESSAGE][PASSED] - Object 'Object Repository/leet_code_manual/Page_Problems - LeetCode/a_KIRUBAKARAN_K' is present

16-01-2024T12:58:13 - [TEST_STEP][PASSED] - click(findTestObject("leet_code_manual/Page_Problems - LeetCode/li_Sign Out")): Object: 'Object Repository/leet_code_manual/Page_Problems - LeetCode/li_Sign Out' is clicked on

16-01-2024T12:58:14 - [MESSAGE][PASSED] - Object: 'Object Repository/leet_code_manual/Page_Problems - LeetCode/li_Sign Out' is clicked on]]></system-out>
         <system-err><![CDATA[]]></system-err>
      </testcase>
      <system-out><![CDATA[16-01-2024T12:55:48 - [TEST_SUITE][FAILED] - test 1: Test Cases/leet_code test FAILED.
Reason:
com.kms.katalon.core.exception.StepFailedException: Unable to click on object 'Object Repository/leet_code/Page_Problems - LeetCode/img_h-full w-full rounded-full object-cover'
	at com.kms.katalon.core.webui.keyword.internal.WebUIKeywordMain.stepFailed(WebUIKeywordMain.groovy:64)
	at com.kms.katalon.core.webui.keyword.internal.WebUIKeywordMain.runKeyword(WebUIKeywordMain.groovy:26)
	at com.kms.katalon.core.webui.keyword.builtin.ClickKeyword.click(ClickKeyword.groovy:74)
	at com.kms.katalon.core.webui.keyword.builtin.ClickKeyword.execute(ClickKeyword.groovy:40)
	at com.kms.katalon.core.keyword.internal.KeywordExecutor.executeKeywordForPlatform(KeywordExecutor.groovy:74)
	at com.kms.katalon.core.webui.keyword.WebUiBuiltInKeywords.click(WebUiBuiltInKeywords.groovy:659)
	at leet_code test.run(leet_code test:30)
	at com.kms.katalon.core.main.ScriptEngine.run(ScriptEngine.java:194)
	at com.kms.katalon.core.main.ScriptEngine.runScriptAsRawText(ScriptEngine.java:119)
	at com.kms.katalon.core.main.TestCaseExecutor.runScript(TestCaseExecutor.java:448)
	at com.kms.katalon.core.main.TestCaseExecutor.doExecute(TestCaseExecutor.java:439)
	at com.kms.katalon.core.main.TestCaseExecutor.processExecutionPhase(TestCaseExecutor.java:418)
	at com.kms.katalon.core.main.TestCaseExecutor.accessMainPhase(TestCaseExecutor.java:410)
	at com.kms.katalon.core.main.TestCaseExecutor.execute(TestCaseExecutor.java:285)
	at com.kms.katalon.core.common.CommonExecutor.accessTestCaseMainPhase(CommonExecutor.java:65)
	at com.kms.katalon.core.main.TestSuiteExecutor.accessTestSuiteMainPhase(TestSuiteExecutor.java:148)
	at com.kms.katalon.core.main.TestSuiteExecutor.execute(TestSuiteExecutor.java:106)
	at com.kms.katalon.core.main.TestCaseMain.startTestSuite(TestCaseMain.java:180)
	at TempTestSuite1705389941619.run(TempTestSuite1705389941619.groovy:36)
	at java.base/jdk.internal.reflect.NativeMethodAccessorImpl.invoke0(Native Method)
	at java.base/jdk.internal.reflect.NativeMethodAccessorImpl.invoke(NativeMethodAccessorImpl.java:77)
	at java.base/jdk.internal.reflect.DelegatingMethodAccessorImpl.invoke(DelegatingMethodAccessorImpl.java:43)
Caused by: org.openqa.selenium.ElementClickInterceptedException: element click intercepted: Element <img alt="LeetCode" src="/static/webpack_bundles/images/logo.c36eaf5e6.svg" class="logo__PDIm"> is not clickable at point (513, 129). Other element would receive the click: <iframe title="recaptcha challenge expires in two minutes" name="c-ijlt39tp3is6" frameborder="0" scrolling="no" sandbox="allow-forms allow-popups allow-same-origin allow-scripts allow-top-navigation allow-modals allow-popups-to-escape-sandbox allow-storage-access-by-user-activation" src="https://www.recaptcha.net/recaptcha/enterprise/bframe?hl=en&amp;v=Ya-Cd6PbRI5ktAHEhm9JuKEu&amp;k=6LdBX8MUAAAAAAI4aZHi1C59OJizaJTvPNvWH2wz" style="width: 400px; height: 580px;"></iframe>
  (Session info: chrome=120.0.6099.217)
Build info: version: '3.141.59', revision: 'e82be7d358', time: '2018-11-14T08:25:53'
System info: host: 'KIRUBAKARAN', ip: '192.168.0.227', os.name: 'Windows 11', os.arch: 'amd64', os.version: '10.0', java.version: '17.0.7'
Driver info: com.kms.katalon.selenium.driver.CChromeDriver
Capabilities {acceptInsecureCerts: false, browserName: chrome, browserVersion: 120.0.6099.217, chrome: {chromedriverVersion: 120.0.6099.71 (9729082fe617..., userDataDir: C:\Users\kirub\AppData\Loca...}, fedcm:accounts: true, goog:chromeOptions: {debuggerAddress: localhost:50338}, javascriptEnabled: true, networkConnectionEnabled: false, pageLoadStrategy: normal, platform: WINDOWS, platformName: WINDOWS, proxy: Proxy(), setWindowRect: true, strictFileInteractability: false, timeouts: {implicit: 0, pageLoad: 300000, script: 30000}, unhandledPromptBehavior: dismiss and notify, webauthn:extension:credBlob: true, webauthn:extension:largeBlob: true, webauthn:extension:minPinLength: true, webauthn:extension:prf: true, webauthn:virtualAuthenticators: true}
Session ID: 75a80c64f0f765dcb3990d16aab36dde
	at java.base/jdk.internal.reflect.NativeConstructorAccessorImpl.newInstance0(Native Method)
	at java.base/jdk.internal.reflect.NativeConstructorAccessorImpl.newInstance(NativeConstructorAccessorImpl.java:77)
	at java.base/jdk.internal.reflect.DelegatingConstructorAccessorImpl.newInstance(DelegatingConstructorAccessorImpl.java:45)
	at org.openqa.selenium.remote.http.W3CHttpResponseCodec.createException(W3CHttpResponseCodec.java:187)
	at org.openqa.selenium.remote.http.W3CHttpResponseCodec.decode(W3CHttpResponseCodec.java:122)
	at org.openqa.selenium.remote.http.W3CHttpResponseCodec.decode(W3CHttpResponseCodec.java:49)
	at org.openqa.selenium.remote.HttpCommandExecutor.execute(HttpCommandExecutor.java:158)
	at org.openqa.selenium.remote.service.DriverCommandExecutor.execute(DriverCommandExecutor.java:83)
	at org.openqa.selenium.remote.RemoteWebDriver.execute(RemoteWebDriver.java:552)
	at com.kms.katalon.selenium.driver.CChromeDriver.execute(CChromeDriver.java:19)
	at org.openqa.selenium.remote.RemoteWebElement.execute(RemoteWebElement.java:285)
	at org.openqa.selenium.remote.RemoteWebElement.click(RemoteWebElement.java:84)
	at jdk.internal.reflect.GeneratedMethodAccessor13.invoke(Unknown Source)
	at java.base/jdk.internal.reflect.DelegatingMethodAccessorImpl.invoke(DelegatingMethodAccessorImpl.java:43)
	at org.openqa.selenium.support.events.EventFiringWebDriver$EventFiringWebElement.lambda$new$0(EventFiringWebDriver.java:404)
	at jdk.proxy2/jdk.proxy2.$Proxy24.click(Unknown Source)
	at org.openqa.selenium.support.events.EventFiringWebDriver$EventFiringWebElement.click(EventFiringWebDriver.java:417)
	at org.openqa.selenium.WebElement$click.call(Unknown Source)
	at com.kms.katalon.core.webui.keyword.builtin.ClickKeyword.clickUntilSuccessWithTimeout(ClickKeyword.groovy:81)
	at com.kms.katalon.core.webui.keyword.builtin.ClickKeyword.clickUntilSuccessWithTimeout(ClickKeyword.groovy)
	at java.base/jdk.internal.reflect.NativeMethodAccessorImpl.invoke0(Native Method)
	at java.base/jdk.internal.reflect.NativeMethodAccessorImpl.invoke(NativeMethodAccessorImpl.java:77)
	at java.base/jdk.internal.reflect.DelegatingMethodAccessorImpl.invoke(DelegatingMethodAccessorImpl.java:43)
	at com.kms.katalon.core.webui.keyword.builtin.ClickKeyword$_click_closure1.doCall(ClickKeyword.groovy:67)
	at com.kms.katalon.core.webui.keyword.builtin.ClickKeyword$_click_closure1.call(ClickKeyword.groovy)
	at com.kms.katalon.core.webui.keyword.internal.WebUIKeywordMain.runKeyword(WebUIKeywordMain.groovy:20)
	... 20 more]]></system-out>
      <system-err><![CDATA[16-01-2024T12:55:48 - [TEST_SUITE][FAILED] - test 1: Test Cases/leet_code test FAILED.
Reason:
com.kms.katalon.core.exception.StepFailedException: Unable to click on object 'Object Repository/leet_code/Page_Problems - LeetCode/img_h-full w-full rounded-full object-cover'
	at com.kms.katalon.core.webui.keyword.internal.WebUIKeywordMain.stepFailed(WebUIKeywordMain.groovy:64)
	at com.kms.katalon.core.webui.keyword.internal.WebUIKeywordMain.runKeyword(WebUIKeywordMain.groovy:26)
	at com.kms.katalon.core.webui.keyword.builtin.ClickKeyword.click(ClickKeyword.groovy:74)
	at com.kms.katalon.core.webui.keyword.builtin.ClickKeyword.execute(ClickKeyword.groovy:40)
	at com.kms.katalon.core.keyword.internal.KeywordExecutor.executeKeywordForPlatform(KeywordExecutor.groovy:74)
	at com.kms.katalon.core.webui.keyword.WebUiBuiltInKeywords.click(WebUiBuiltInKeywords.groovy:659)
	at leet_code test.run(leet_code test:30)
	at com.kms.katalon.core.main.ScriptEngine.run(ScriptEngine.java:194)
	at com.kms.katalon.core.main.ScriptEngine.runScriptAsRawText(ScriptEngine.java:119)
	at com.kms.katalon.core.main.TestCaseExecutor.runScript(TestCaseExecutor.java:448)
	at com.kms.katalon.core.main.TestCaseExecutor.doExecute(TestCaseExecutor.java:439)
	at com.kms.katalon.core.main.TestCaseExecutor.processExecutionPhase(TestCaseExecutor.java:418)
	at com.kms.katalon.core.main.TestCaseExecutor.accessMainPhase(TestCaseExecutor.java:410)
	at com.kms.katalon.core.main.TestCaseExecutor.execute(TestCaseExecutor.java:285)
	at com.kms.katalon.core.common.CommonExecutor.accessTestCaseMainPhase(CommonExecutor.java:65)
	at com.kms.katalon.core.main.TestSuiteExecutor.accessTestSuiteMainPhase(TestSuiteExecutor.java:148)
	at com.kms.katalon.core.main.TestSuiteExecutor.execute(TestSuiteExecutor.java:106)
	at com.kms.katalon.core.main.TestCaseMain.startTestSuite(TestCaseMain.java:180)
	at TempTestSuite1705389941619.run(TempTestSuite1705389941619.groovy:36)
	at java.base/jdk.internal.reflect.NativeMethodAccessorImpl.invoke0(Native Method)
	at java.base/jdk.internal.reflect.NativeMethodAccessorImpl.invoke(NativeMethodAccessorImpl.java:77)
	at java.base/jdk.internal.reflect.DelegatingMethodAccessorImpl.invoke(DelegatingMethodAccessorImpl.java:43)
Caused by: org.openqa.selenium.ElementClickInterceptedException: element click intercepted: Element <img alt="LeetCode" src="/static/webpack_bundles/images/logo.c36eaf5e6.svg" class="logo__PDIm"> is not clickable at point (513, 129). Other element would receive the click: <iframe title="recaptcha challenge expires in two minutes" name="c-ijlt39tp3is6" frameborder="0" scrolling="no" sandbox="allow-forms allow-popups allow-same-origin allow-scripts allow-top-navigation allow-modals allow-popups-to-escape-sandbox allow-storage-access-by-user-activation" src="https://www.recaptcha.net/recaptcha/enterprise/bframe?hl=en&amp;v=Ya-Cd6PbRI5ktAHEhm9JuKEu&amp;k=6LdBX8MUAAAAAAI4aZHi1C59OJizaJTvPNvWH2wz" style="width: 400px; height: 580px;"></iframe>
  (Session info: chrome=120.0.6099.217)
Build info: version: '3.141.59', revision: 'e82be7d358', time: '2018-11-14T08:25:53'
System info: host: 'KIRUBAKARAN', ip: '192.168.0.227', os.name: 'Windows 11', os.arch: 'amd64', os.version: '10.0', java.version: '17.0.7'
Driver info: com.kms.katalon.selenium.driver.CChromeDriver
Capabilities {acceptInsecureCerts: false, browserName: chrome, browserVersion: 120.0.6099.217, chrome: {chromedriverVersion: 120.0.6099.71 (9729082fe617..., userDataDir: C:\Users\kirub\AppData\Loca...}, fedcm:accounts: true, goog:chromeOptions: {debuggerAddress: localhost:50338}, javascriptEnabled: true, networkConnectionEnabled: false, pageLoadStrategy: normal, platform: WINDOWS, platformName: WINDOWS, proxy: Proxy(), setWindowRect: true, strictFileInteractability: false, timeouts: {implicit: 0, pageLoad: 300000, script: 30000}, unhandledPromptBehavior: dismiss and notify, webauthn:extension:credBlob: true, webauthn:extension:largeBlob: true, webauthn:extension:minPinLength: true, webauthn:extension:prf: true, webauthn:virtualAuthenticators: true}
Session ID: 75a80c64f0f765dcb3990d16aab36dde
	at java.base/jdk.internal.reflect.NativeConstructorAccessorImpl.newInstance0(Native Method)
	at java.base/jdk.internal.reflect.NativeConstructorAccessorImpl.newInstance(NativeConstructorAccessorImpl.java:77)
	at java.base/jdk.internal.reflect.DelegatingConstructorAccessorImpl.newInstance(DelegatingConstructorAccessorImpl.java:45)
	at org.openqa.selenium.remote.http.W3CHttpResponseCodec.createException(W3CHttpResponseCodec.java:187)
	at org.openqa.selenium.remote.http.W3CHttpResponseCodec.decode(W3CHttpResponseCodec.java:122)
	at org.openqa.selenium.remote.http.W3CHttpResponseCodec.decode(W3CHttpResponseCodec.java:49)
	at org.openqa.selenium.remote.HttpCommandExecutor.execute(HttpCommandExecutor.java:158)
	at org.openqa.selenium.remote.service.DriverCommandExecutor.execute(DriverCommandExecutor.java:83)
	at org.openqa.selenium.remote.RemoteWebDriver.execute(RemoteWebDriver.java:552)
	at com.kms.katalon.selenium.driver.CChromeDriver.execute(CChromeDriver.java:19)
	at org.openqa.selenium.remote.RemoteWebElement.execute(RemoteWebElement.java:285)
	at org.openqa.selenium.remote.RemoteWebElement.click(RemoteWebElement.java:84)
	at jdk.internal.reflect.GeneratedMethodAccessor13.invoke(Unknown Source)
	at java.base/jdk.internal.reflect.DelegatingMethodAccessorImpl.invoke(DelegatingMethodAccessorImpl.java:43)
	at org.openqa.selenium.support.events.EventFiringWebDriver$EventFiringWebElement.lambda$new$0(EventFiringWebDriver.java:404)
	at jdk.proxy2/jdk.proxy2.$Proxy24.click(Unknown Source)
	at org.openqa.selenium.support.events.EventFiringWebDriver$EventFiringWebElement.click(EventFiringWebDriver.java:417)
	at org.openqa.selenium.WebElement$click.call(Unknown Source)
	at com.kms.katalon.core.webui.keyword.builtin.ClickKeyword.clickUntilSuccessWithTimeout(ClickKeyword.groovy:81)
	at com.kms.katalon.core.webui.keyword.builtin.ClickKeyword.clickUntilSuccessWithTimeout(ClickKeyword.groovy)
	at java.base/jdk.internal.reflect.NativeMethodAccessorImpl.invoke0(Native Method)
	at java.base/jdk.internal.reflect.NativeMethodAccessorImpl.invoke(NativeMethodAccessorImpl.java:77)
	at java.base/jdk.internal.reflect.DelegatingMethodAccessorImpl.invoke(DelegatingMethodAccessorImpl.java:43)
	at com.kms.katalon.core.webui.keyword.builtin.ClickKeyword$_click_closure1.doCall(ClickKeyword.groovy:67)
	at com.kms.katalon.core.webui.keyword.builtin.ClickKeyword$_click_closure1.call(ClickKeyword.groovy)
	at com.kms.katalon.core.webui.keyword.internal.WebUIKeywordMain.runKeyword(WebUIKeywordMain.groovy:20)
	... 20 more]]></system-err>
   </testsuite>
</testsuites>
